[2025-09-08T08:56:48.044Z] [INFO] [main] URL Shortener API server running on port 3001 (Stack: server-startup)
[2025-09-08T08:59:39.665Z] [INFO] [main] URL Shortener API server running on port 3001 (Stack: server-startup)
[2025-09-08T09:00:52.974Z] [INFO] [middleware] Incoming GET request to /favicon.ico from ::1 (Stack: http-request)
[2025-09-08T09:00:52.981Z] [WARN] [url-shortener] Invalid short code accessed: favicon.ico from ::1 (Stack: invalid-url)
[2025-09-08T09:00:52.988Z] [INFO] [middleware] GET /favicon.ico - 404 - 15ms (Stack: http-response)
[2025-09-08T09:00:52.990Z] [ERROR] [middleware] HTTP Error 404 for GET /favicon.ico (Stack: http-error)
[2025-09-08T09:00:53.254Z] [INFO] [middleware] Incoming GET request to /manifest.json from ::1 (Stack: http-request)
[2025-09-08T09:00:53.256Z] [WARN] [url-shortener] Invalid short code accessed: manifest.json from ::1 (Stack: invalid-url)
[2025-09-08T09:00:53.258Z] [INFO] [middleware] GET /manifest.json - 404 - 4ms (Stack: http-response)
[2025-09-08T09:00:53.259Z] [ERROR] [middleware] HTTP Error 404 for GET /manifest.json (Stack: http-error)
[2025-09-08T09:01:06.966Z] [INFO] [middleware] Incoming GET request to /statistics from ::1 (Stack: http-request)
[2025-09-08T09:01:06.969Z] [WARN] [url-shortener] Invalid short code accessed: statistics from ::1 (Stack: invalid-url)
[2025-09-08T09:01:06.972Z] [INFO] [middleware] GET /statistics - 404 - 6ms (Stack: http-response)
[2025-09-08T09:01:06.974Z] [ERROR] [middleware] HTTP Error 404 for GET /statistics (Stack: http-error)
[2025-09-08T09:01:06.980Z] [INFO] [middleware] Incoming GET request to /api/urls from ::1 (Stack: http-request)
[2025-09-08T09:01:06.985Z] [INFO] [middleware] GET /api/urls - 200 - 5ms (Stack: http-response)
[2025-09-08T09:01:06.997Z] [INFO] [middleware] Incoming GET request to /statistics from ::1 (Stack: http-request)
[2025-09-08T09:01:06.998Z] [WARN] [url-shortener] Invalid short code accessed: statistics from ::1 (Stack: invalid-url)
[2025-09-08T09:01:07.001Z] [INFO] [middleware] GET /statistics - 404 - 5ms (Stack: http-response)
[2025-09-08T09:01:07.002Z] [ERROR] [middleware] HTTP Error 404 for GET /statistics (Stack: http-error)
[2025-09-08T09:01:07.007Z] [INFO] [middleware] Incoming GET request to /api/urls from ::1 (Stack: http-request)
[2025-09-08T09:01:07.011Z] [INFO] [middleware] GET /api/urls - 304 - 4ms (Stack: http-response)
[2025-09-08T09:01:40.653Z] [INFO] [middleware] Incoming POST request to /api/shorten from ::1 (Stack: http-request)
[2025-09-08T09:01:40.663Z] [INFO] [url-shortener] URL shortened: https://youtu.be/j6DOlr1wLA8?si=nwAJk_0AvTeOqS-Z -> ErZ7yx (expires: Mon Sep 08 2025 15:01:40 GMT+0530 (India Standard Time)) (Stack: url-creation)
[2025-09-08T09:01:40.665Z] [INFO] [middleware] POST /api/shorten - 200 - 12ms (Stack: http-response)
[2025-09-08T09:01:49.474Z] [INFO] [middleware] Incoming GET request to /ErZ7yx from ::1 (Stack: http-request)
[2025-09-08T09:01:49.477Z] [INFO] [url-shortener] Short URL accessed: ErZ7yx -> https://youtu.be/j6DOlr1wLA8?si=nwAJk_0AvTeOqS-Z from ::1 (Sydney, AU) (Stack: url-access)
[2025-09-08T09:01:49.485Z] [INFO] [middleware] GET /ErZ7yx - 302 - 11ms (Stack: http-response)
[2025-09-08T09:02:23.268Z] [INFO] [middleware] Incoming GET request to /ErZ7yx from ::1 (Stack: http-request)
[2025-09-08T09:02:23.269Z] [INFO] [url-shortener] Short URL accessed: ErZ7yx -> https://youtu.be/j6DOlr1wLA8?si=nwAJk_0AvTeOqS-Z from ::1 (Sydney, AU) (Stack: url-access)
[2025-09-08T09:02:23.272Z] [INFO] [middleware] GET /ErZ7yx - 302 - 4ms (Stack: http-response)
[2025-09-08T09:02:30.594Z] [INFO] [middleware] Incoming GET request to /statistics from ::1 (Stack: http-request)
[2025-09-08T09:02:30.596Z] [WARN] [url-shortener] Invalid short code accessed: statistics from ::1 (Stack: invalid-url)
[2025-09-08T09:02:30.599Z] [INFO] [middleware] GET /statistics - 404 - 5ms (Stack: http-response)
[2025-09-08T09:02:30.600Z] [ERROR] [middleware] HTTP Error 404 for GET /statistics (Stack: http-error)
[2025-09-08T09:02:30.616Z] [INFO] [middleware] Incoming GET request to /statistics from ::1 (Stack: http-request)
[2025-09-08T09:02:30.619Z] [WARN] [url-shortener] Invalid short code accessed: statistics from ::1 (Stack: invalid-url)
[2025-09-08T09:02:30.621Z] [INFO] [middleware] GET /statistics - 404 - 5ms (Stack: http-response)
[2025-09-08T09:02:30.624Z] [ERROR] [middleware] HTTP Error 404 for GET /statistics (Stack: http-error)
[2025-09-08T09:02:30.899Z] [INFO] [middleware] Incoming GET request to /api/urls from ::1 (Stack: http-request)
[2025-09-08T09:02:30.900Z] [INFO] [middleware] GET /api/urls - 200 - 1ms (Stack: http-response)
[2025-09-08T09:02:30.942Z] [INFO] [middleware] Incoming GET request to /statistics from ::1 (Stack: http-request)
[2025-09-08T09:02:30.946Z] [WARN] [url-shortener] Invalid short code accessed: statistics from ::1 (Stack: invalid-url)
[2025-09-08T09:02:30.948Z] [INFO] [middleware] GET /statistics - 404 - 6ms (Stack: http-response)
[2025-09-08T09:02:30.949Z] [ERROR] [middleware] HTTP Error 404 for GET /statistics (Stack: http-error)
[2025-09-08T09:02:31.149Z] [INFO] [middleware] Incoming GET request to /api/urls from ::1 (Stack: http-request)
[2025-09-08T09:02:31.150Z] [INFO] [middleware] GET /api/urls - 304 - 1ms (Stack: http-response)
[2025-09-08T09:02:31.260Z] [INFO] [middleware] Incoming GET request to /statistics from ::1 (Stack: http-request)
[2025-09-08T09:02:31.262Z] [WARN] [url-shortener] Invalid short code accessed: statistics from ::1 (Stack: invalid-url)
[2025-09-08T09:02:31.263Z] [INFO] [middleware] GET /statistics - 404 - 3ms (Stack: http-response)
[2025-09-08T09:02:31.264Z] [ERROR] [middleware] HTTP Error 404 for GET /statistics (Stack: http-error)
[2025-09-08T09:02:31.579Z] [INFO] [middleware] Incoming GET request to /statistics from ::1 (Stack: http-request)
[2025-09-08T09:02:31.580Z] [WARN] [url-shortener] Invalid short code accessed: statistics from ::1 (Stack: invalid-url)
[2025-09-08T09:02:31.582Z] [INFO] [middleware] GET /statistics - 404 - 3ms (Stack: http-response)
[2025-09-08T09:02:31.583Z] [ERROR] [middleware] HTTP Error 404 for GET /statistics (Stack: http-error)
[2025-09-08T09:02:31.894Z] [INFO] [middleware] Incoming GET request to /statistics from ::1 (Stack: http-request)
[2025-09-08T09:02:31.896Z] [WARN] [url-shortener] Invalid short code accessed: statistics from ::1 (Stack: invalid-url)
[2025-09-08T09:02:31.897Z] [INFO] [middleware] GET /statistics - 404 - 3ms (Stack: http-response)
[2025-09-08T09:02:31.898Z] [ERROR] [middleware] HTTP Error 404 for GET /statistics (Stack: http-error)
[2025-09-08T09:14:21.752Z] [INFO] [main] URL Shortener API server running on port 3001 (Stack: server-startup)
[2025-09-08T09:14:41.161Z] [INFO] [middleware] Incoming GET request to /manifest.json from ::1 (Stack: http-request)
[2025-09-08T09:14:41.163Z] [WARN] [url-shortener] Invalid short code accessed: manifest.json from ::1 (Stack: invalid-url)
[2025-09-08T09:14:41.166Z] [INFO] [middleware] GET /manifest.json - 404 - 5ms (Stack: http-response)
[2025-09-08T09:14:41.168Z] [ERROR] [middleware] HTTP Error 404 for GET /manifest.json (Stack: http-error)
[2025-09-08T09:14:50.826Z] [INFO] [middleware] Incoming GET request to /statistics from ::1 (Stack: http-request)
[2025-09-08T09:14:50.828Z] [WARN] [url-shortener] Invalid short code accessed: statistics from ::1 (Stack: invalid-url)
[2025-09-08T09:14:50.829Z] [INFO] [middleware] GET /statistics - 404 - 3ms (Stack: http-response)
[2025-09-08T09:14:50.831Z] [ERROR] [middleware] HTTP Error 404 for GET /statistics (Stack: http-error)
[2025-09-08T09:14:50.835Z] [INFO] [middleware] Incoming GET request to /api/urls from ::1 (Stack: http-request)
[2025-09-08T09:14:50.841Z] [INFO] [middleware] GET /api/urls - 200 - 6ms (Stack: http-response)
[2025-09-08T09:14:51.079Z] [INFO] [middleware] Incoming GET request to /api/urls from ::1 (Stack: http-request)
[2025-09-08T09:14:51.080Z] [INFO] [middleware] GET /api/urls - 304 - 1ms (Stack: http-response)
[2025-09-08T09:26:09.962Z] [INFO] [main] URL Shortener API server running on port 3001 (Stack: server-startup)
[2025-09-08T09:26:27.782Z] [INFO] [main] URL Shortener API server running on port 3001 (Stack: server-startup)
[2025-09-08T09:26:36.680Z] [INFO] [main] URL Shortener API server running on port 3001 (Stack: server-startup)
[2025-09-08T09:26:58.043Z] [INFO] [main] URL Shortener API server running on port 3001 (Stack: server-startup)
[2025-09-08T09:27:05.367Z] [INFO] [main] URL Shortener API server running on port 3001 (Stack: server-startup)
[2025-09-08T09:27:22.110Z] [INFO] [middleware] Incoming GET request to /manifest.json from ::1 (Stack: http-request)
[2025-09-08T09:27:22.114Z] [WARN] [url-shortener] Invalid short code accessed: manifest.json from ::1 (Stack: invalid-url)
[2025-09-08T09:27:22.117Z] [INFO] [middleware] GET /manifest.json - 404 - 8ms (Stack: http-response)
[2025-09-08T09:27:22.120Z] [ERROR] [middleware] HTTP Error 404 for GET /manifest.json (Stack: http-error)
[2025-09-08T09:27:26.612Z] [INFO] [middleware] Incoming POST request to /api/shorten from ::1 (Stack: http-request)
[2025-09-08T09:27:26.617Z] [INFO] [url-shortener] URL shortened: https://youtu.be/CHSnz0bCaUk?si=nwHrMx8QE6tlOPA- -> fZphTj (expires: Mon Sep 08 2025 15:27:26 GMT+0530 (India Standard Time)) (Stack: url-creation)
[2025-09-08T09:27:26.619Z] [INFO] [middleware] POST /api/shorten - 200 - 7ms (Stack: http-response)
